[2025-11-21 17:14:18] - create loaders...
[2025-11-21 17:14:19] - create model...
[2025-11-21 17:14:19] - Epoch: 0
[2025-11-21 17:14:19] - training...
[2025-11-21 17:14:20] - [1.41553469 0.02625138 2.7785666 ] 0.07303046435117722
[2025-11-21 17:14:20] - evaluating...
[2025-11-21 17:14:20] - valid 0.063581, test 0.129968
[2025-11-21 17:14:20] - Epoch: 1
[2025-11-21 17:14:20] - training...
[2025-11-21 17:14:20] - [1.40739721 0.01828954 2.77821529] 0.058046997214357056
[2025-11-21 17:14:20] - evaluating...
[2025-11-21 17:14:20] - valid 0.068732, test 0.130116
[2025-11-21 17:14:20] - Epoch: 2
[2025-11-21 17:14:20] - training...
[2025-11-21 17:14:21] - [1.39929038 0.01019249 2.77819578] 0.04633682562659184
[2025-11-21 17:14:21] - evaluating...
[2025-11-21 17:14:21] - valid 0.064841, test 0.129202
[2025-11-21 17:14:21] - Epoch: 3
[2025-11-21 17:14:21] - training...
[2025-11-21 17:14:21] - [1.39949318 0.01033805 2.77831026] 0.04280324466526508
[2025-11-21 17:14:21] - evaluating...
[2025-11-21 17:14:22] - valid 0.067488, test 0.129220
[2025-11-21 17:14:22] - Epoch: 4
[2025-11-21 17:14:22] - training...
[2025-11-21 17:14:22] - [1.39822149 0.00882256 2.77879786] 0.041399634132782616
[2025-11-21 17:14:22] - evaluating...
[2025-11-21 17:14:22] - valid 0.072518, test 0.129167
[2025-11-21 17:14:22] - Epoch: 5
[2025-11-21 17:14:22] - training...
[2025-11-21 17:14:23] - [1.39648741 0.00721053 2.7785538 ] 0.035093001400431
[2025-11-21 17:14:23] - evaluating...
[2025-11-21 17:14:23] - valid 0.074506, test 0.129833
[2025-11-21 17:14:23] - Epoch: 6
[2025-11-21 17:14:23] - training...
[2025-11-21 17:14:23] - [1.39516546 0.00579393 2.77874311] 0.031046082886556785
[2025-11-21 17:14:23] - evaluating...
[2025-11-21 17:14:23] - valid 0.075797, test 0.128323
[2025-11-21 17:14:23] - Epoch: 7
[2025-11-21 17:14:23] - training...
[2025-11-21 17:14:24] - [1.39554759 0.00630192 2.77849138] 0.031842517045636974
[2025-11-21 17:14:24] - evaluating...
[2025-11-21 17:14:24] - valid 0.074637, test 0.128926
[2025-11-21 17:14:24] - Epoch: 8
[2025-11-21 17:14:24] - training...
[2025-11-21 17:14:24] - [1.39660768 0.00723542 2.77874454] 0.03993562360604604
[2025-11-21 17:14:24] - evaluating...
[2025-11-21 17:14:24] - valid 0.060977, test 0.122142
[2025-11-21 17:14:24] - Epoch: 9
[2025-11-21 17:14:24] - training...
[2025-11-21 17:14:25] - [1.39537702 0.00609481 2.77856441] 0.03500276772926251
[2025-11-21 17:14:25] - evaluating...
[2025-11-21 17:14:25] - valid 0.059806, test 0.122477
[2025-11-21 17:14:25] - Epoch: 10
[2025-11-21 17:14:25] - training...
[2025-11-21 17:14:25] - [1.39328478 0.00421363 2.77814229] 0.031102775285641353
[2025-11-21 17:14:25] - evaluating...
[2025-11-21 17:14:25] - valid 0.062289, test 0.124633
[2025-11-21 17:14:25] - Epoch: 11
[2025-11-21 17:14:25] - training...
[2025-11-21 17:14:26] - [1.39497439 0.00558219 2.77878443] 0.031088290736079216
[2025-11-21 17:14:26] - evaluating...
[2025-11-21 17:14:26] - valid 0.054369, test 0.115859
[2025-11-21 17:14:26] - Epoch: 12
[2025-11-21 17:14:26] - training...
[2025-11-21 17:14:26] - [1.39394466 0.00492814 2.77803302] 0.031821118046840034
[2025-11-21 17:14:26] - evaluating...
[2025-11-21 17:14:26] - valid 0.056206, test 0.117693
[2025-11-21 17:14:26] - Epoch: 13
[2025-11-21 17:14:26] - training...
[2025-11-21 17:14:27] - [1.39451051 0.00549822 2.77802455] 0.029682268388569355
[2025-11-21 17:14:27] - evaluating...
[2025-11-21 17:14:27] - valid 0.059509, test 0.103853
[2025-11-21 17:14:27] - Epoch: 14
[2025-11-21 17:14:27] - training...
[2025-11-21 17:14:27] - [1.3932815  0.00428726 2.77798847] 0.028975445156296093
[2025-11-21 17:14:27] - evaluating...
[2025-11-21 17:14:27] - valid 0.070601, test 0.103005
[2025-11-21 17:14:27] - Epoch: 15
[2025-11-21 17:14:27] - training...
[2025-11-21 17:14:28] - [1.39447067 0.00535414 2.77823305] 0.02850893201927344
[2025-11-21 17:14:28] - evaluating...
[2025-11-21 17:14:28] - valid 0.081725, test 0.094644
[2025-11-21 17:14:28] - Epoch: 16
[2025-11-21 17:14:28] - training...
[2025-11-21 17:14:28] - [1.39411076 0.00432084 2.77957984] 0.02868005447089672
[2025-11-21 17:14:28] - evaluating...
[2025-11-21 17:14:28] - valid 0.068836, test 0.083401
[2025-11-21 17:14:28] - Epoch: 17
[2025-11-21 17:14:28] - training...
[2025-11-21 17:14:29] - [1.39354408 0.00454251 2.7780031 ] 0.030015214656790096
[2025-11-21 17:14:29] - evaluating...
[2025-11-21 17:14:29] - valid 0.151632, test 0.137186
[2025-11-21 17:14:29] - Epoch: 18
[2025-11-21 17:14:29] - training...
[2025-11-21 17:14:29] - [1.39392535 0.00431417 2.77922237] 0.031457713494698204
[2025-11-21 17:14:29] - evaluating...
[2025-11-21 17:14:29] - valid 0.040667, test 0.059324
[2025-11-21 17:14:29] - Epoch: 19
[2025-11-21 17:14:29] - training...
[2025-11-21 17:14:30] - [1.39353903 0.00433102 2.77841604] 0.03066415557016929
[2025-11-21 17:14:30] - evaluating...
[2025-11-21 17:14:30] - valid 0.031973, test 0.043033
[2025-11-21 17:14:30] - Epoch: 20
[2025-11-21 17:14:30] - training...
[2025-11-21 17:14:30] - [1.39370749 0.00449364 2.77842772] 0.026983606008191902
[2025-11-21 17:14:30] - evaluating...
[2025-11-21 17:14:30] - valid 0.059557, test 0.065790
[2025-11-21 17:14:30] - Epoch: 21
[2025-11-21 17:14:30] - training...
[2025-11-21 17:14:31] - [1.39324162 0.00417934 2.77812457] 0.028467525728046894
[2025-11-21 17:14:31] - evaluating...
[2025-11-21 17:14:31] - valid 0.133124, test 0.134530
[2025-11-21 17:14:31] - Epoch: 22
[2025-11-21 17:14:31] - training...
[2025-11-21 17:14:31] - [1.39341865 0.00409674 2.77864385] 0.027372440012792747
[2025-11-21 17:14:31] - evaluating...
[2025-11-21 17:14:31] - valid 0.057299, test 0.056974
[2025-11-21 17:14:31] - Epoch: 23
[2025-11-21 17:14:31] - training...
[2025-11-21 17:14:32] - [1.39468338 0.00532357 2.77871966] 0.031116008137663204
[2025-11-21 17:14:32] - evaluating...
[2025-11-21 17:14:32] - valid 0.072542, test 0.096962
[2025-11-21 17:14:32] - Epoch: 24
[2025-11-21 17:14:32] - training...
[2025-11-21 17:14:33] - [1.39452976 0.00519677 2.77866594] 0.03092659916728735
[2025-11-21 17:14:33] - evaluating...
[2025-11-21 17:14:33] - valid 0.042456, test 0.046289
[2025-11-21 17:14:33] - Epoch: 25
[2025-11-21 17:14:33] - training...
[2025-11-21 17:14:33] - [1.39433316 0.00499668 2.77867297] 0.030379843277235825
[2025-11-21 17:14:33] - evaluating...
[2025-11-21 17:14:33] - valid 0.109872, test 0.104606
[2025-11-21 17:14:33] - Epoch: 26
[2025-11-21 17:14:33] - training...
[2025-11-21 17:14:34] - [1.39342731 0.00391448 2.77902567] 0.029026952882607777
[2025-11-21 17:14:34] - evaluating...
[2025-11-21 17:14:34] - valid 0.041131, test 0.054446
[2025-11-21 17:14:34] - Epoch: 27
[2025-11-21 17:14:34] - training...
[2025-11-21 17:14:34] - [1.39371792 0.00449962 2.77843658] 0.028447528059283893
[2025-11-21 17:14:34] - evaluating...
[2025-11-21 17:14:34] - valid 0.076880, test 0.080110
[2025-11-21 17:14:34] - Epoch: 28
[2025-11-21 17:14:34] - training...
[2025-11-21 17:14:35] - [1.3929986  0.00376559 2.77846603] 0.02799911890178919
[2025-11-21 17:14:35] - evaluating...
[2025-11-21 17:14:35] - valid 0.103268, test 0.091325
[2025-11-21 17:14:35] - Epoch: 29
[2025-11-21 17:14:35] - training...
[2025-11-21 17:14:35] - [1.39408481 0.00495581 2.77825805] 0.032366191347440086
[2025-11-21 17:14:35] - evaluating...
[2025-11-21 17:14:36] - valid 0.081122, test 0.076284
[2025-11-21 17:14:36] - Epoch: 30
[2025-11-21 17:14:36] - training...
[2025-11-21 17:14:36] - [1.39387415 0.00469643 2.77835548] 0.027045880754788715
[2025-11-21 17:14:36] - evaluating...
[2025-11-21 17:14:36] - valid 0.110722, test 0.144695
[2025-11-21 17:14:36] - Epoch: 31
[2025-11-21 17:14:36] - training...
[2025-11-21 17:14:37] - [1.39299277 0.00346144 2.77906271] 0.024923930255075295
[2025-11-21 17:14:37] - evaluating...
[2025-11-21 17:14:37] - valid 0.160508, test 0.184688
[2025-11-21 17:14:37] - Epoch: 32
[2025-11-21 17:14:37] - training...
[2025-11-21 17:14:37] - [1.39393089 0.00404241 2.77977697] 0.03120426833629608
[2025-11-21 17:14:37] - evaluating...
[2025-11-21 17:14:37] - valid 0.109348, test 0.097178
[2025-11-21 17:14:37] - Epoch: 33
[2025-11-21 17:14:37] - training...
[2025-11-21 17:14:38] - [1.39319855 0.00378623 2.77882465] 0.030557654798030853
[2025-11-21 17:14:38] - evaluating...
[2025-11-21 17:14:38] - valid 0.323452, test 0.324445
[2025-11-21 17:14:38] - Epoch: 34
[2025-11-21 17:14:38] - training...
[2025-11-21 17:14:38] - [1.39405258 0.00456635 2.77897247] 0.028611101830999058
[2025-11-21 17:14:38] - evaluating...
[2025-11-21 17:14:38] - valid 0.074603, test 0.096024
[2025-11-21 17:14:38] - Epoch: 35
[2025-11-21 17:14:38] - training...
[2025-11-21 17:14:40] - [1.3967791  0.00708869 2.77938084] 0.034596831848224006
[2025-11-21 17:14:40] - evaluating...
[2025-11-21 17:14:40] - valid 0.298878, test 0.317133
[2025-11-21 17:14:40] - Epoch: 36
[2025-11-21 17:14:40] - training...
[2025-11-21 17:14:41] - [1.39285942 0.00306836 2.7795821 ] 0.027415325865149498
[2025-11-21 17:14:41] - evaluating...
[2025-11-21 17:14:41] - valid 0.247044, test 0.254214
[2025-11-21 17:14:41] - Epoch: 37
[2025-11-21 17:14:41] - training...
[2025-11-21 17:14:42] - [1.39358522 0.00425291 2.77866463] 0.03248510633905729
[2025-11-21 17:14:42] - evaluating...
[2025-11-21 17:14:43] - valid 0.047947, test 0.092650
[2025-11-21 17:14:43] - Epoch: 38
[2025-11-21 17:14:43] - training...
[2025-11-21 17:14:44] - [1.39346677 0.00371721 2.77949909] 0.028678341147800285
[2025-11-21 17:14:44] - evaluating...
[2025-11-21 17:14:44] - valid 0.213484, test 0.207473
[2025-11-21 17:14:44] - Epoch: 39
[2025-11-21 17:14:44] - training...
[2025-11-21 17:14:45] - [1.39509414 0.0052001  2.7797881 ] 0.027029189591606457
[2025-11-21 17:14:45] - evaluating...
[2025-11-21 17:14:45] - valid 0.096517, test 0.102567
[2025-11-21 17:14:45] - Epoch: 40
[2025-11-21 17:14:45] - training...
[2025-11-21 17:14:47] - [1.39483386 0.00480544 2.78005683] 0.026481191627681255
[2025-11-21 17:14:47] - evaluating...
[2025-11-21 17:14:47] - valid 0.102915, test 0.118464
[2025-11-21 17:14:47] - Epoch: 41
[2025-11-21 17:14:47] - training...
[2025-11-21 17:14:48] - [1.39368695 0.003821   2.77973187] 0.026049894901613396
[2025-11-21 17:14:48] - evaluating...
[2025-11-21 17:14:48] - valid 0.168360, test 0.170452
[2025-11-21 17:14:48] - Epoch: 42
[2025-11-21 17:14:48] - training...
[2025-11-21 17:14:49] - [1.39453872 0.00434856 2.78038029] 0.027226159038643043
[2025-11-21 17:14:49] - evaluating...
[2025-11-21 17:14:50] - valid 0.488044, test 0.487263
[2025-11-21 17:14:50] - Epoch: 43
[2025-11-21 17:14:50] - training...
[2025-11-21 17:14:51] - [1.39512416 0.00387977 2.78248878] 0.02478902166088422
[2025-11-21 17:14:51] - evaluating...
[2025-11-21 17:14:51] - valid 0.825164, test 0.835698
[2025-11-21 17:14:51] - Epoch: 44
[2025-11-21 17:14:51] - training...
[2025-11-21 17:14:52] - [1.39468789 0.00331325 2.78274926] 0.024454179219901562
[2025-11-21 17:14:52] - evaluating...
[2025-11-21 17:14:52] - valid 0.740554, test 0.749105
[2025-11-21 17:14:52] - Epoch: 45
[2025-11-21 17:14:52] - training...
[2025-11-21 17:14:53] - [1.3946958  0.00349005 2.78241146] 0.02524853777140379
[2025-11-21 17:14:53] - evaluating...
[2025-11-21 17:14:53] - valid 0.260700, test 0.262698
[2025-11-21 17:14:53] - Epoch: 46
[2025-11-21 17:14:53] - training...
[2025-11-21 17:14:55] - [1.39527309 0.00338653 2.78377306] 0.025437959159413975
[2025-11-21 17:14:55] - evaluating...
[2025-11-21 17:14:55] - valid 0.156194, test 0.157183
[2025-11-21 17:14:55] - Epoch: 47
[2025-11-21 17:14:55] - training...
[2025-11-21 17:14:56] - [1.39414491e+00 2.77403368e-03 2.78274179e+00] 0.024120184127241373
[2025-11-21 17:14:56] - evaluating...
[2025-11-21 17:14:56] - valid 0.113582, test 0.118255
[2025-11-21 17:14:56] - Epoch: 48
[2025-11-21 17:14:56] - training...
[2025-11-21 17:14:58] - [1.3967941  0.00387547 2.78583729] 0.023715398895243805
[2025-11-21 17:14:58] - evaluating...
[2025-11-21 17:14:58] - valid 0.099905, test 0.099204
[2025-11-21 17:14:58] - Epoch: 49
[2025-11-21 17:14:58] - training...
[2025-11-21 17:14:59] - [1.39835338 0.00422008 2.78826658] 0.027604801890750725
[2025-11-21 17:14:59] - evaluating...
[2025-11-21 17:14:59] - valid 0.326291, test 0.326901
[2025-11-21 17:14:59] - Epoch: 50
[2025-11-21 17:14:59] - training...
[2025-11-21 17:15:00] - [1.39791131 0.00469189 2.78643882] 0.0277285057430466
[2025-11-21 17:15:00] - evaluating...
[2025-11-21 17:15:01] - valid 0.580230, test 0.582787
[2025-11-21 17:15:01] - Epoch: 51
[2025-11-21 17:15:01] - training...
[2025-11-21 17:15:02] - [1.39832946 0.00388797 2.78888297] 0.024319210710624855
[2025-11-21 17:15:02] - evaluating...
[2025-11-21 17:15:02] - valid 0.897779, test 0.912905
[2025-11-21 17:15:02] - Epoch: 52
[2025-11-21 17:15:02] - training...
[2025-11-21 17:15:03] - [1.39871295 0.00443791 2.78855006] 0.026144948787987232
[2025-11-21 17:15:03] - evaluating...
[2025-11-21 17:15:03] - valid 0.312713, test 0.296772
[2025-11-21 17:15:03] - Epoch: 53
[2025-11-21 17:15:03] - training...
[2025-11-21 17:15:04] - [1.39868617 0.00327311 2.79082616] 0.02388872920225064
[2025-11-21 17:15:04] - evaluating...
[2025-11-21 17:15:05] - valid 0.832857, test 0.836896
[2025-11-21 17:15:05] - Epoch: 54
[2025-11-21 17:15:05] - training...
[2025-11-21 17:15:06] - [1.39882431 0.00348381 2.790681  ] 0.024974215775728226
[2025-11-21 17:15:06] - evaluating...
[2025-11-21 17:15:06] - valid 0.541525, test 0.531261
[2025-11-21 17:15:06] - Epoch: 55
[2025-11-21 17:15:06] - training...
[2025-11-21 17:15:07] - [1.3986901  0.00438125 2.78861769] 0.02962246568252643
[2025-11-21 17:15:07] - evaluating...
[2025-11-21 17:15:07] - valid 0.794778, test 0.795886
[2025-11-21 17:15:07] - Epoch: 56
[2025-11-21 17:15:07] - training...
[2025-11-21 17:15:09] - [1.40160187 0.00412154 2.79496062] 0.01963616938640674
[2025-11-21 17:15:09] - evaluating...
[2025-11-21 17:15:09] - valid 0.461841, test 0.469623
[2025-11-21 17:15:09] - Epoch: 57
[2025-11-21 17:15:09] - training...
[2025-11-21 17:15:09] - [1.40046652 0.00344638 2.79404028] 0.025096263736486435
[2025-11-21 17:15:09] - evaluating...
[2025-11-21 17:15:09] - valid 0.422627, test 0.434114
[2025-11-21 17:15:09] - Epoch: 58
[2025-11-21 17:15:09] - training...
[2025-11-21 17:15:10] - [1.39932668 0.00422922 2.79019495] 0.02397014976789554
[2025-11-21 17:15:10] - evaluating...
[2025-11-21 17:15:10] - valid 0.342078, test 0.360139
[2025-11-21 17:15:10] - Epoch: 59
[2025-11-21 17:15:10] - training...
[2025-11-21 17:15:10] - [1.40159353 0.00375245 2.79568211] 0.02736777098228534
[2025-11-21 17:15:10] - evaluating...
[2025-11-21 17:15:10] - valid 0.365658, test 0.385135
[2025-11-21 17:15:10] - early stop
[2025-11-21 17:15:10] - best val score: 0.0015077680873218924 @ 19
[2025-11-21 17:15:10] - inference...
[2025-11-21 17:15:10] - MSE: train 0.001901, valid 0.001566, test 0.003466
[2025-11-21 17:15:10] - L1:  train 0.033367, valid 0.033141, test 0.043033
[2025-11-21 17:15:10] - RMSE: train 0.043048, valid 0.039428, test 0.054207
[2025-11-21 17:15:10] - Finished.
